1
2
Fizz
4
Buzz
Fizz
Super
8
Fizz
Buzz
11
Fizz
13
Super
Fizz
16
17
Fizz
19
Buzz
SuperFizz
22
23
Fizz
Buzz
26
Fizz
Super
29
Fizz
31
32
Fizz
34
SuperBuzz
Fizz
37
38
Fizz
Buzz
41
SuperFizz
43
44
Fizz
46
47
Fizz
Super
Buzz
Fizz
52
53
Fizz
Buzz
Super
Fizz
58
59
Fizz
61
62
SuperFizz
64
Buzz
Fizz
67
68
Fizz
SuperBuzz
71
Fizz
73
74
Fizz
76
Super
Fizz
79
Buzz
Fizz
82
83
SuperFizz
Buzz
86
Fizz
88
89
Fizz
Super
92
Fizz
94
Buzz
Fizz
97
Super
Fizz
Buzz
101
Fizz
103
104
SuperFizzBuzz
106
107
Fizz
109
Buzz
Fizz
Super
113
Fizz
Buzz
116
Fizz
118
Super
Fizz
121
122
Fizz
124
Buzz
SuperFizz
127
128
Fizz
Buzz
131
Fizz
Super
134
Fizz
136
137
Fizz
139
SuperBuzz
Fizz
142
143
Fizz
Buzz
146
SuperFizz
148
149
Fizz
151
152
Fizz
Super
Buzz
Fizz
157
158
Fizz
Buzz
Super
Fizz
163
164
Fizz
166
167
SuperFizz
169
Buzz
Fizz
172
173
Fizz
SuperBuzz
176
Fizz
178
179
Fizz
181
Super
Fizz
184
Buzz
Fizz
187
188
SuperFizz
Buzz
191
Fizz
193
194
Fizz
Super
197
Fizz
199
Buzz
Fizz
202
Super
Fizz
Buzz
206
Fizz
208
209
SuperFizzBuzz
211
212
Fizz
214
Buzz
Fizz
Super
218
Fizz
Buzz
221
Fizz
223
Super
Fizz
226
227
Fizz
229
Buzz
SuperFizz
232
233
Fizz
Buzz
236
Fizz
Super
239
Fizz
241
242
Fizz
244
SuperBuzz
Fizz
247
248
Fizz
Buzz
251
SuperFizz
253
254
Fizz
256
257
Fizz
Super
Buzz
Fizz
262
263
Fizz
Buzz
Super
Fizz
268
269
Fizz
271
272
SuperFizz
274
Buzz
Fizz
277
278
Fizz
SuperBuzz
281
Fizz
283
284
Fizz
286
Super
Fizz
289
Buzz
Fizz
292
293
SuperFizz
Buzz
296
Fizz
298
299
Fizz
Super
302
Fizz
304
Buzz
Fizz
307
Super
Fizz
Buzz
311
Fizz
313
314
SuperFizzBuzz
316
317
Fizz
319
Buzz
Fizz
Super
323
Fizz
Buzz
326
Fizz
328
Super
Fizz
331
332
Fizz
334
Buzz
SuperFizz
337
338
Fizz
Buzz
341
Fizz
Super
344
Fizz
346
347
Fizz
349
SuperBuzz
Fizz
352
353
Fizz
Buzz
356
SuperFizz
358
359
Fizz
361
362
Fizz
Super
Buzz
Fizz
367
368
Fizz
Buzz
Super
Fizz
373
374
Fizz
376
377
SuperFizz
379
Buzz
Fizz
382
383
Fizz
SuperBuzz
386
Fizz
388
389
Fizz
391
Super
Fizz
394
Buzz
Fizz
397
398
SuperFizz
Buzz
401
Fizz
403
404
Fizz
Super
407
Fizz
409
Buzz
Fizz
412
Super
Fizz
Buzz
416
Fizz
418
419
SuperFizzBuzz
421
422
Fizz
424
Buzz
Fizz
Super
428
Fizz
Buzz
431
Fizz
433
Super
Fizz
436
437
Fizz
439
Buzz
SuperFizz
442
443
Fizz
Buzz
446
Fizz
Super
449
Fizz
451
452
Fizz
454
SuperBuzz
Fizz
457
458
Fizz
Buzz
461
SuperFizz
463
464
Fizz
466
467
Fizz
Super
Buzz
Fizz
472
473
Fizz
Buzz
Super
Fizz
478
479
Fizz
481
482
SuperFizz
484
Buzz
Fizz
487
488
Fizz
SuperBuzz
491
Fizz
493
494
Fizz
496
Super
Fizz
499
Buzz
Fizz
502
503
SuperFizz
Buzz
506
Fizz
508
509
Fizz
Super
512
Fizz
514
Buzz
Fizz
517
Super
Fizz
Buzz
521
Fizz
523
524
SuperFizzBuzz
526
527
Fizz
529
Buzz
Fizz
Super
533
Fizz
Buzz
536
Fizz
538
Super
Fizz
541
542
Fizz
544
Buzz
SuperFizz
547
548
Fizz
Buzz
551
Fizz
Super
554
Fizz
556
557
Fizz
559
SuperBuzz
Fizz
562
563
Fizz
Buzz
566
SuperFizz
568
569
Fizz
571
572
Fizz
Super
Buzz
Fizz
577
578
Fizz
Buzz
Super
Fizz
583
584
Fizz
586
587
SuperFizz
589
Buzz
Fizz
592
593
Fizz
SuperBuzz
596
Fizz
598
599
Fizz
601
Super
Fizz
604
Buzz
Fizz
607
608
SuperFizz
Buzz
611
Fizz
613
614
Fizz
Super
617
Fizz
619
Buzz
Fizz
622
Super
Fizz
Buzz
626
Fizz
628
629
SuperFizzBuzz
631
632
Fizz
634
Buzz
Fizz
Super
638
Fizz
Buzz
641
Fizz
643
Super
Fizz
646
647
Fizz
649
Buzz
SuperFizz
652
653
Fizz
Buzz
656
Fizz
Super
659
Fizz
661
662
Fizz
664
SuperBuzz
Fizz
667
668
Fizz
Buzz
671
SuperFizz
673
674
Fizz
676
677
Fizz
Super
Buzz
Fizz
682
683
Fizz
Buzz
Super
Fizz
688
689
Fizz
691
692
SuperFizz
694
Buzz
Fizz
697
698
Fizz
SuperBuzz
701
Fizz
703
704
Fizz
706
Super
Fizz
709
Buzz
Fizz
712
713
SuperFizz
Buzz
716
Fizz
718
719
Fizz
Super
722
Fizz
724
Buzz
Fizz
727
Super
Fizz
Buzz
731
Fizz
733
734
SuperFizzBuzz
736
737
Fizz
739
Buzz
Fizz
Super
743
Fizz
Buzz
746
Fizz
748
Super
Fizz
751
752
Fizz
754
Buzz
SuperFizz
757
758
Fizz
Buzz
761
Fizz
Super
764
Fizz
766
767
Fizz
769
SuperBuzz
Fizz
772
773
Fizz
Buzz
776
SuperFizz
778
779
Fizz
781
782
Fizz
Super
Buzz
Fizz
787
788
Fizz
Buzz
Super
Fizz
793
794
Fizz
796
797
SuperFizz
799
Buzz
Fizz
802
803
Fizz
SuperBuzz
806
Fizz
808
809
Fizz
811
Super
Fizz
814
Buzz
Fizz
817
818
SuperFizz
Buzz
821
Fizz
823
824
Fizz
Super
827
Fizz
829
Buzz
Fizz
832
Super
Fizz
Buzz
836
Fizz
838
839
SuperFizzBuzz
841
842
Fizz
844
Buzz
Fizz
Super
848
Fizz
Buzz
851
Fizz
853
Super
Fizz
856
857
Fizz
859
Buzz
SuperFizz
862
863
Fizz
Buzz
866
Fizz
Super
869
Fizz
871
872
Fizz
874
SuperBuzz
Fizz
877
878
Fizz
Buzz
881
SuperFizz
883
884
Fizz
886
887
Fizz
Super
Buzz
Fizz
892
893
Fizz
Buzz
Super
Fizz
898
899
Fizz
901
902
SuperFizz
904
Buzz
Fizz
907
908
Fizz
SuperBuzz
911
Fizz
913
914
Fizz
916
Super
Fizz
919
Buzz
Fizz
922
923
SuperFizz
Buzz
926
Fizz
928
929
Fizz
Super
932
Fizz
934
Buzz
Fizz
937
Super
Fizz
Buzz
941
Fizz
943
944
SuperFizzBuzz
946
947
Fizz
949
Buzz
Fizz
Super
953
Fizz
Buzz
956
Fizz
958
Super
Fizz
961
962
Fizz
964
Buzz
SuperFizz
967
968
Fizz
Buzz
971
Fizz
Super
974
Fizz
976
977
Fizz
979
SuperBuzz
Fizz
982
983
Fizz
Buzz
986
SuperFizz
988
989
Fizz
991
992
Fizz
Super
Buzz
Fizz
997
998
Fizz
Buzz
